<?xml version="1.0" encoding="UTF-8"?>
<!-- Generated by org.testng.reporters.JUnitReportReporter -->
<testsuite hostname="WTIN01503525L" name="com.aut.testcases.LoginTest" tests="1" failures="0" timestamp="16 Oct 2019 05:47:02 GMT" time="19.846" errors="0">
  <testcase name="AddPerson" time="19.846" classname="com.aut.testcases.LoginTest"/>
</testsuite> <!-- com.aut.testcases.LoginTest -->
